# JRE version: Java(TM) SE Runtime Environment (8.0_181-b13) (build 1.8.0_181-b13)
# Java VM: Java HotSpot(TM) 64-Bit Server VM (25.181-b13 mixed mode windows-amd64 compressed oops)
Heap:
 PSYoungGen      total 11264K, used 10534K [0x00000000f5b80000, 0x00000000f6700000, 0x0000000100000000)
  eden space 10752K, 97% used [0x00000000f5b80000,0x00000000f65b9be0,0x00000000f6600000)
  from space 512K, 12% used [0x00000000f6600000,0x00000000f6610000,0x00000000f6680000)
  to   space 512K, 0% used [0x00000000f6680000,0x00000000f6680000,0x00000000f6700000)
 ParOldGen       total 22016K, used 6210K [0x00000000e1200000, 0x00000000e2780000, 0x00000000f5b80000)
  object space 22016K, 28% used [0x00000000e1200000,0x00000000e1810a60,0x00000000e2780000)
 Metaspace       used 15413K, capacity 15680K, committed 15872K, reserved 1062912K
  class space    used 1931K, capacity 2033K, committed 2048K, reserved 1048576K
GC Heap History (10 events):
Event: 6988.318 GC heap before
{Heap before GC invocations=55 (full 0):
 PSYoungGen      total 9216K, used 8768K [0x00000000f5b80000, 0x00000000f6680000, 0x0000000100000000)
  eden space 8704K, 100% used [0x00000000f5b80000,0x00000000f6400000,0x00000000f6400000)
  from space 512K, 12% used [0x00000000f6600000,0x00000000f6610000,0x00000000f6680000)
  to   space 512K, 0% used [0x00000000f6400000,0x00000000f6400000,0x00000000f6480000)
 ParOldGen       total 22016K, used 6210K [0x00000000e1200000, 0x00000000e2780000, 0x00000000f5b80000)
  object space 22016K, 28% used [0x00000000e1200000,0x00000000e1810a60,0x00000000e2780000)
 Metaspace       used 15413K, capacity 15680K, committed 15872K, reserved 1062912K
  class space    used 1931K, capacity 2033K, committed 2048K, reserved 1048576K
Event: 6992.828 GC heap after
Heap after GC invocations=55 (full 0):
 PSYoungGen      total 9216K, used 64K [0x00000000f5b80000, 0x00000000f6700000, 0x0000000100000000)
  eden space 8704K, 0% used [0x00000000f5b80000,0x00000000f5b80000,0x00000000f6400000)
  from space 512K, 12% used [0x00000000f6400000,0x00000000f6410000,0x00000000f6480000)
  to   space 512K, 0% used [0x00000000f6680000,0x00000000f6680000,0x00000000f6700000)
 ParOldGen       total 22016K, used 6210K [0x00000000e1200000, 0x00000000e2780000, 0x00000000f5b80000)
  object space 22016K, 28% used [0x00000000e1200000,0x00000000e1810a60,0x00000000e2780000)
 Metaspace       used 15413K, capacity 15680K, committed 15872K, reserved 1062912K
  class space    used 1931K, capacity 2033K, committed 2048K, reserved 1048576K
}
Event: 7149.422 GC heap before
{Heap before GC invocations=56 (full 0):
 PSYoungGen      total 9216K, used 8768K [0x00000000f5b80000, 0x00000000f6700000, 0x0000000100000000)
  eden space 8704K, 100% used [0x00000000f5b80000,0x00000000f6400000,0x00000000f6400000)
  from space 512K, 12% used [0x00000000f6400000,0x00000000f6410000,0x00000000f6480000)
  to   space 512K, 0% used [0x00000000f6680000,0x00000000f6680000,0x00000000f6700000)
 ParOldGen       total 22016K, used 6210K [0x00000000e1200000, 0x00000000e2780000, 0x00000000f5b80000)
  object space 22016K, 28% used [0x00000000e1200000,0x00000000e1810a60,0x00000000e2780000)
 Metaspace       used 15413K, capacity 15680K, committed 15872K, reserved 1062912K
  class space    used 1931K, capacity 2033K, committed 2048K, reserved 1048576K
Event: 7151.327 GC heap after
Heap after GC invocations=56 (full 0):
 PSYoungGen      total 11264K, used 64K [0x00000000f5b80000, 0x00000000f6700000, 0x0000000100000000)
  eden space 10752K, 0% used [0x00000000f5b80000,0x00000000f5b80000,0x00000000f6600000)
  from space 512K, 12% used [0x00000000f6680000,0x00000000f6690000,0x00000000f6700000)
  to   space 512K, 0% used [0x00000000f6600000,0x00000000f6600000,0x00000000f6680000)
 ParOldGen       total 22016K, used 6210K [0x00000000e1200000, 0x00000000e2780000, 0x00000000f5b80000)
  object space 22016K, 28% used [0x00000000e1200000,0x00000000e1810a60,0x00000000e2780000)
 Metaspace       used 15413K, capacity 15680K, committed 15872K, reserved 1062912K
  class space    used 1931K, capacity 2033K, committed 2048K, reserved 1048576K
}
Event: 7346.644 GC heap before
{Heap before GC invocations=57 (full 0):
 PSYoungGen      total 11264K, used 10816K [0x00000000f5b80000, 0x00000000f6700000, 0x0000000100000000)
  eden space 10752K, 100% used [0x00000000f5b80000,0x00000000f6600000,0x00000000f6600000)
  from space 512K, 12% used [0x00000000f6680000,0x00000000f6690000,0x00000000f6700000)
  to   space 512K, 0% used [0x00000000f6600000,0x00000000f6600000,0x00000000f6680000)
 ParOldGen       total 22016K, used 6210K [0x00000000e1200000, 0x00000000e2780000, 0x00000000f5b80000)
  object space 22016K, 28% used [0x00000000e1200000,0x00000000e1810a60,0x00000000e2780000)
 Metaspace       used 15413K, capacity 15680K, committed 15872K, reserved 1062912K
  class space    used 1931K, capacity 2033K, committed 2048K, reserved 1048576K
Event: 7346.754 GC heap after
Heap after GC invocations=57 (full 0):
 PSYoungGen      total 11264K, used 64K [0x00000000f5b80000, 0x00000000f6700000, 0x0000000100000000)
  eden space 10752K, 0% used [0x00000000f5b80000,0x00000000f5b80000,0x00000000f6600000)
  from space 512K, 12% used [0x00000000f6600000,0x00000000f6610000,0x00000000f6680000)
  to   space 512K, 0% used [0x00000000f6680000,0x00000000f6680000,0x00000000f6700000)
 ParOldGen       total 22016K, used 6210K [0x00000000e1200000, 0x00000000e2780000, 0x00000000f5b80000)
  object space 22016K, 28% used [0x00000000e1200000,0x00000000e1810a60,0x00000000e2780000)
 Metaspace       used 15413K, capacity 15680K, committed 15872K, reserved 1062912K
  class space    used 1931K, capacity 2033K, committed 2048K, reserved 1048576K
}
Event: 7540.821 GC heap before
{Heap before GC invocations=58 (full 0):
 PSYoungGen      total 11264K, used 10816K [0x00000000f5b80000, 0x00000000f6700000, 0x0000000100000000)
  eden space 10752K, 100% used [0x00000000f5b80000,0x00000000f6600000,0x00000000f6600000)
  from space 512K, 12% used [0x00000000f6600000,0x00000000f6610000,0x00000000f6680000)
  to   space 512K, 0% used [0x00000000f6680000,0x00000000f6680000,0x00000000f6700000)
 ParOldGen       total 22016K, used 6210K [0x00000000e1200000, 0x00000000e2780000, 0x00000000f5b80000)
  object space 22016K, 28% used [0x00000000e1200000,0x00000000e1810a60,0x00000000e2780000)
 Metaspace       used 15413K, capacity 15680K, committed 15872K, reserved 1062912K
  class space    used 1931K, capacity 2033K, committed 2048K, reserved 1048576K
Event: 7540.850 GC heap after
Heap after GC invocations=58 (full 0):
 PSYoungGen      total 11264K, used 64K [0x00000000f5b80000, 0x00000000f6700000, 0x0000000100000000)
  eden space 10752K, 0% used [0x00000000f5b80000,0x00000000f5b80000,0x00000000f6600000)
  from space 512K, 12% used [0x00000000f6680000,0x00000000f6690000,0x00000000f6700000)
  to   space 512K, 0% used [0x00000000f6600000,0x00000000f6600000,0x00000000f6680000)
 ParOldGen       total 22016K, used 6210K [0x00000000e1200000, 0x00000000e2780000, 0x00000000f5b80000)
  object space 22016K, 28% used [0x00000000e1200000,0x00000000e1810a60,0x00000000e2780000)
 Metaspace       used 15413K, capacity 15680K, committed 15872K, reserved 1062912K
  class space    used 1931K, capacity 2033K, committed 2048K, reserved 1048576K
}
Event: 7733.458 GC heap before
{Heap before GC invocations=59 (full 0):
 PSYoungGen      total 11264K, used 10816K [0x00000000f5b80000, 0x00000000f6700000, 0x0000000100000000)
  eden space 10752K, 100% used [0x00000000f5b80000,0x00000000f6600000,0x00000000f6600000)
  from space 512K, 12% used [0x00000000f6680000,0x00000000f6690000,0x00000000f6700000)
  to   space 512K, 0% used [0x00000000f6600000,0x00000000f6600000,0x00000000f6680000)
 ParOldGen       total 22016K, used 6210K [0x00000000e1200000, 0x00000000e2780000, 0x00000000f5b80000)
  object space 22016K, 28% used [0x00000000e1200000,0x00000000e1810a60,0x00000000e2780000)
 Metaspace       used 15413K, capacity 15680K, committed 15872K, reserved 1062912K
  class space    used 1931K, capacity 2033K, committed 2048K, reserved 1048576K
Event: 7733.585 GC heap after
Heap after GC invocations=59 (full 0):
 PSYoungGen      total 11264K, used 64K [0x00000000f5b80000, 0x00000000f6700000, 0x0000000100000000)
  eden space 10752K, 0% used [0x00000000f5b80000,0x00000000f5b80000,0x00000000f6600000)
  from space 512K, 12% used [0x00000000f6600000,0x00000000f6610000,0x00000000f6680000)
  to   space 512K, 0% used [0x00000000f6680000,0x00000000f6680000,0x00000000f6700000)
 ParOldGen       total 22016K, used 6210K [0x00000000e1200000, 0x00000000e2780000, 0x00000000f5b80000)
  object space 22016K, 28% used [0x00000000e1200000,0x00000000e1810a60,0x00000000e2780000)
 Metaspace       used 15413K, capacity 15680K, committed 15872K, reserved 1062912K
  class space    used 1931K, capacity 2033K, committed 2048K, reserved 1048576K
}

